============================= test session starts ==============================
platform linux -- Python 3.12.3, pytest-8.0.0, pluggy-1.6.0 -- /root/.openclaw/workspace/emotion-ai-assiant/backend/venv/bin/python
cachedir: .pytest_cache
metadata: {'Python': '3.12.3', 'Platform': 'Linux-6.8.0-101-generic-x86_64-with-glibc2.39', 'Packages': {'pytest': '8.0.0', 'pluggy': '1.6.0'}, 'Plugins': {'cov': '4.1.0', 'anyio': '4.13.0', 'metadata': '3.1.1', 'html': '4.2.0', 'asyncio': '0.21.1'}}
rootdir: /root/.openclaw/workspace/emotion-ai-assiant/backend
configfile: pytest.ini
plugins: cov-4.1.0, anyio-4.13.0, metadata-3.1.1, html-4.2.0, asyncio-0.21.1
asyncio: mode=Mode.AUTO
collecting ... collected 349 items

tests/api/test_admin.py::test_get_system_stats ERROR                     [  0%]
tests/api/test_admin.py::test_list_users ERROR                           [  0%]
tests/api/test_admin.py::test_get_user_detail ERROR                      [  0%]
tests/api/test_admin.py::test_update_user_status ERROR                   [  1%]
tests/api/test_admin.py::test_delete_user ERROR                          [  1%]
tests/api/test_admin.py::test_list_diaries ERROR                         [  1%]
tests/api/test_admin.py::test_get_audit_logs ERROR                       [  2%]
tests/api/test_admin.py::test_non_admin_access_forbidden ERROR           [  2%]
tests/api/test_auth.py::test_send_verification_code ERROR                [  2%]
tests/api/test_auth.py::test_register_with_phone ERROR                   [  2%]
tests/api/test_auth.py::test_login_with_password ERROR                   [  3%]
tests/api/test_auth.py::test_login_with_code ERROR                       [  3%]
tests/api/test_auth.py::test_refresh_token ERROR                         [  3%]
tests/api/test_auth.py::test_get_user_profile FAILED                     [  4%]
tests/api/test_auth.py::test_update_user_profile ERROR                   [  4%]
tests/api/test_auth.py::test_change_password FAILED                      [  4%]
tests/api/test_chat.py::test_get_assistants FAILED                       [  4%]
tests/api/test_chat.py::test_create_conversation ERROR                   [  5%]
tests/api/test_chat.py::test_get_conversations FAILED                    [  5%]
tests/api/test_chat.py::test_get_conversation_detail ERROR               [  5%]
tests/api/test_chat.py::test_get_conversation_detail ERROR               [  5%]
tests/api/test_chat.py::test_send_message ERROR                          [  6%]
tests/api/test_chat.py::test_delete_conversation FAILED                  [  6%]
tests/api/test_chat.py::test_message_content_filter FAILED               [  6%]
tests/api/test_diary.py::test_create_diary ERROR                         [  6%]
tests/api/test_diary.py::test_create_diary_unauthorized FAILED           [  7%]
tests/api/test_diary.py::test_get_diary_list ERROR                       [  7%]
tests/api/test_diary.py::test_get_diary_detail FAILED                    [  7%]
tests/api/test_diary.py::test_get_diary_detail_not_found ERROR           [  8%]
tests/api/test_diary.py::test_update_diary ERROR                         [  8%]
tests/api/test_diary.py::test_delete_diary FAILED                        [  8%]
tests/api/test_diary.py::test_get_diary_statistics FAILED                [  8%]
tests/api/test_diary.py::test_get_mood_analysis FAILED                   [  9%]
tests/api/test_growth.py::test_create_growth_record FAILED               [  9%]
tests/api/test_growth.py::test_get_growth_list ERROR                     [  9%]
tests/api/test_growth.py::test_get_growth_detail FAILED                  [ 10%]
tests/api/test_growth.py::test_update_growth_record FAILED               [ 10%]
tests/api/test_growth.py::test_delete_growth_record ERROR                [ 10%]
tests/api/test_growth.py::test_get_growth_statistics ERROR               [ 10%]
tests/api/test_growth.py::test_get_growth_insights FAILED                [ 11%]
tests/api/test_growth.py::test_unauthorized_access FAILED                [ 11%]
tests/api/test_knowledge.py::test_list_knowledge FAILED                  [ 11%]
tests/api/test_knowledge.py::test_get_knowledge_detail FAILED            [ 12%]
tests/api/test_knowledge.py::test_get_knowledge_not_found FAILED         [ 12%]
tests/api/test_knowledge.py::test_search_knowledge FAILED                [ 12%]
tests/api/test_knowledge.py::test_get_categories FAILED                  [ 12%]
tests/api/test_knowledge.py::test_get_featured_knowledge FAILED          [ 13%]
tests/api/test_knowledge.py::test_get_featured_knowledge ERROR           [ 13%]
tests/api/test_knowledge.py::test_unauthorized_public_access FAILED      [ 13%]
tests/api/test_mbti.py::test_get_mbti_questions FAILED                   [ 13%]
tests/api/test_mbti.py::test_submit_mbti_test FAILED                     [ 14%]
tests/api/test_mbti.py::test_get_mbti_result ERROR                       [ 14%]
tests/api/test_mbti.py::test_get_mbti_assistants ERROR                   [ 14%]
tests/api/test_mbti.py::test_get_mbti_type_info FAILED                   [ 14%]
tests/api/test_mbti.py::test_get_all_mbti_types FAILED                   [ 15%]
tests/api/test_mbti.py::test_mbti_compatibility ERROR                    [ 15%]
tests/api/test_member.py::test_get_member_plans FAILED                   [ 15%]
tests/api/test_member.py::test_get_current_member_info ERROR             [ 16%]
tests/api/test_member.py::test_create_order FAILED                       [ 16%]
tests/api/test_member.py::test_check_member_status FAILED                [ 16%]
tests/api/test_member.py::test_get_member_benefits ERROR                 [ 16%]
tests/api/test_member.py::test_unauthorized_access FAILED                [ 17%]
tests/api/test_payment.py::test_get_payment_methods ERROR                [ 17%]
tests/api/test_payment.py::test_get_order_status ERROR                   [ 17%]
tests/api/test_payment.py::test_alipay_callback FAILED                   [ 18%]
tests/api/test_payment.py::test_wechat_callback FAILED                   [ 18%]
tests/api/test_payment.py::test_get_payment_history FAILED               [ 18%]
tests/api/test_payment.py::test_cancel_order ERROR                       [ 18%]
tests/api/test_payment.py::test_unauthorized_access FAILED               [ 19%]
tests/api/test_user.py::test_get_current_user_info FAILED                [ 19%]
tests/api/test_user.py::test_update_current_user_info ERROR              [ 19%]
tests/api/test_user.py::test_get_user_by_id FAILED                       [ 20%]
tests/api/test_user.py::test_get_user_by_id_not_found ERROR              [ 20%]
tests/api/test_user.py::test_unauthorized_access FAILED                  [ 20%]
tests/api/test_user_memory.py::test_get_user_memory_list ERROR           [ 20%]
tests/api/test_user_memory.py::test_get_user_memory_detail PASSED        [ 21%]
tests/api/test_user_memory.py::test_create_user_memory FAILED            [ 21%]
tests/api/test_user_memory.py::test_update_user_memory FAILED            [ 21%]
tests/api/test_user_memory.py::test_delete_user_memory FAILED            [ 22%]
tests/api/test_user_memory.py::test_get_memory_by_category FAILED        [ 22%]
tests/api/test_user_memory.py::test_get_important_memories FAILED        [ 22%]
tests/api/test_user_memory.py::test_search_memories ERROR                [ 22%]
tests/api/test_user_memory.py::test_sync_memories ERROR                  [ 23%]
tests/api/test_user_memory.py::test_unauthorized_access FAILED           [ 23%]
tests/api/test_voice.py::test_text_to_speech FAILED                      [ 23%]
tests/api/test_voice.py::test_speech_to_text FAILED                      [ 24%]
tests/api/test_voice.py::test_get_available_voices FAILED                [ 24%]
tests/api/test_voice.py::test_get_voice_config FAILED                    [ 24%]
tests/api/test_voice.py::test_check_voice_service_status FAILED          [ 24%]
tests/api/test_voice.py::test_unauthorized_access PASSED                 [ 25%]
tests/unit/test_auth.py::TestUserRegistration::test_register_with_valid_phone PASSED [ 25%]
tests/unit/test_auth.py::TestUserRegistration::test_register_with_invalid_phone PASSED [ 25%]
tests/unit/test_auth.py::TestUserRegistration::test_register_with_weak_password PASSED [ 26%]
tests/unit/test_auth.py::TestUserRegistration::test_register_duplicate_phone FAILED [ 26%]
tests/unit/test_auth.py::TestUserLogin::test_login_with_correct_credentials PASSED [ 26%]
tests/unit/test_auth.py::TestUserLogin::test_login_with_wrong_password PASSED [ 26%]
tests/unit/test_auth.py::TestUserLogin::test_login_with_nonexistent_user PASSED [ 27%]
tests/unit/test_auth.py::TestUserLogin::test_login_returns_token_type PASSED [ 27%]
tests/unit/test_auth.py::TestTokenRefresh::test_refresh_token_with_valid_token PASSED [ 27%]
tests/unit/test_auth.py::TestTokenRefresh::test_refresh_token_with_invalid_token PASSED [ 28%]
tests/unit/test_auth.py::TestPasswordReset::test_send_reset_code PASSED  [ 28%]
tests/unit/test_auth.py::TestPasswordReset::test_reset_password 